<?xml version="1.0" encoding="UTF-8"?>
<testng-results ignored="0" total="2" passed="2" failed="0" skipped="0">
  <reporter-output>
  </reporter-output>
  <suite started-at="2025-05-10T14:48:54 IST" name="Default suite" finished-at="2025-05-10T14:49:16 IST" duration-ms="21189">
    <groups>
    </groups>
    <test started-at="2025-05-10T14:48:54 IST" name="Default test" finished-at="2025-05-10T14:49:16 IST" duration-ms="21189">
      <class name="OrangeHRM.DataDrivenTesting">
        <test-method signature="login(java.lang.String,java.lang.String)[pri:0, instance:OrangeHRM.DataDrivenTesting@50eac852]" started-at="2025-05-10T14:48:56 IST" name="login" data-provider="Dynamic" finished-at="2025-05-10T14:49:16 IST" duration-ms="19331" status="PASS">
          <params>
            <param index="0">
              <value>
                <![CDATA[Admin]]>
              </value>
            </param>
            <param index="1">
              <value>
                <![CDATA[admin123]]>
              </value>
            </param>
          </params>
          <reporter-output>
          </reporter-output>
        </test-method> <!-- login -->
        <test-method signature="login(java.lang.String,java.lang.String)[pri:0, instance:OrangeHRM.DataDrivenTesting@50eac852]" started-at="2025-05-10T14:48:56 IST" name="login" data-provider="Dynamic" finished-at="2025-05-10T14:49:15 IST" duration-ms="18737" status="PASS">
          <params>
            <param index="0">
              <value>
                <![CDATA[Admin]]>
              </value>
            </param>
            <param index="1">
              <value>
                <![CDATA[Admin121]]>
              </value>
            </param>
          </params>
          <reporter-output>
          </reporter-output>
        </test-method> <!-- login -->
      </class> <!-- OrangeHRM.DataDrivenTesting -->
    </test> <!-- Default test -->
  </suite> <!-- Default suite -->
</testng-results>
